<?xml version="1.0" encoding="UTF-8"?>
<!-- Generated by org.testng.reporters.JUnitReportReporter -->
<testsuite hostname="JKGUPTA" failures="0" tests="3" name="standAlone_Test.SubmitOrderTest" time="20.136" errors="0" timestamp="2024-09-09T13:36:16 IST" skipped="0">
  <testcase classname="standAlone_Test.SubmitOrderTest" name="submitOrder" time="8.580"/>
  <testcase classname="standAlone_Test.SubmitOrderTest" name="submitOrder" time="7.532"/>
  <testcase classname="standAlone_Test.SubmitOrderTest" name="orderHistoryTest" time="4.024"/>
</testsuite> <!-- standAlone_Test.SubmitOrderTest -->
