<?xml version="1.0" encoding="UTF-8"?>
<!-- Generated by org.testng.reporters.JUnitReportReporter -->
<testsuite hostname="JKGUPTA" failures="0" tests="1" name="Bullet_Points.Test1" time="0.018" errors="0" timestamp="2024-09-09T13:08:05 IST" skipped="0">
  <testcase classname="Bullet_Points.Test1" name="test1" time="0.018"/>
</testsuite> <!-- Bullet_Points.Test1 -->
